Arguments: 
  C:\Program Files\nodejs\node.exe C:\Users\ASUS\AppData\Roaming\npm\node_modules\yarn\bin\yarn.js global dir --json

PATH: 
  C:\Users\ASUS\AppData\Local\Programs\Microsoft VS Code;C:\Windows\system32;C:\Windows;C:\Windows\System32\Wbem;C:\Windows\System32\WindowsPowerShell\v1.0\;C:\Windows\System32\OpenSSH\;C:\Program Files (x86)\NVIDIA Corporation\PhysX\Common;C:\Program Files\Git\cmd;C:\Program Files\dotnet\;C:\Program Files\Amazon\AWSCLIV2\;C:\Program Files\NVIDIA Corporation\NVIDIA App\NvDLISR;C:\Program Files\PuTTY\;C:\Program Files\nodejs\;C:\WINDOWS\system32;C:\WINDOWS;C:\WINDOWS\System32\Wbem;C:\WINDOWS\System32\WindowsPowerShell\v1.0\;C:\WINDOWS\System32\OpenSSH\;C:\Program Files\PowerShell\7\;C:\Users\ASUS\AppData\Local\pnpm;C:\Users\ASUS\scoop\apps\imagemagick\current;C:\Users\ASUS\scoop\shims;C:\Users\ASUS\AppData\Local\Programs\Quarto\bin;C:\Users\ASUS\AppData\Local\Microsoft\WindowsApps;C:\Users\ASUS\AppData\Local\Programs\Microsoft VS Code\bin;C:\Users\ASUS\AppData\Local\Pandoc\;C:\Users\ASUS\AppData\Roaming\TinyTeX\bin\windows;C:\Users\ASUS\AppData\Local\Programs\Positron\bin;C:\Users\ASUS\AppData\Roaming\npm

Yarn version: 
  1.22.19

Node version: 
  22.13.1

Platform: 
  win32 x64

Trace: 
  SyntaxError: c:\projects_git\dreamer-website\package.json: Expected double-quoted property name in JSON at position 1116 (line 42 column 2)
      at JSON.parse (<anonymous>)
      at C:\Users\ASUS\AppData\Roaming\npm\node_modules\yarn\lib\cli.js:1629:59
      at Generator.next (<anonymous>)
      at step (C:\Users\ASUS\AppData\Roaming\npm\node_modules\yarn\lib\cli.js:310:30)
      at C:\Users\ASUS\AppData\Roaming\npm\node_modules\yarn\lib\cli.js:321:13

npm manifest: 
  {
  	"name": "dreamer-website",
  	"private": true,
  	"version": "0.9.0",
  	"type": "module",
  	"scripts": {
  		"dev": "vite dev",
  		"build": "vite build",
  		"preview": "vite preview",
  		"prepare": "svelte-kit sync || echo ''",
  		"format": "prettier --write .",
  		"lint": "prettier --check . && eslint ."
  	},
  	"devDependencies": {
  		"@eslint/compat": "^1.2.5",
  		"@eslint/js": "^9.18.0",
  		"@iconify/svelte": "^5.2.1",
  		"@sveltejs/adapter-static": "^3.0.10",
  		"@sveltejs/enhanced-img": "^0.10.4",
  		"@sveltejs/kit": "^2.55.0",
  		"@tailwindcss/postcss": "^4.2.1",
  		"@tailwindcss/typography": "^0.5.19",
  		"eslint": "^9.18.0",
  		"eslint-config-prettier": "^10.1.8",
  		"eslint-plugin-svelte": "^3.15.0",
  		"globals": "^17.4.0",
  		"mdsvex": "^0.12.7",
  		"prettier": "^3.8.1",
  		"prettier-plugin-svelte": "^3.5.1",
  		"prettier-plugin-tailwindcss": "^0.7.2",
  		"svelte": "^5.53.10",
  		"tailwindcss": "^4.2.1",
  		"tailwindcss-motion": "^1.1.0",
  		"vite": "^8.0.0"
  	},
  	"dependencies": {
  		"bits-ui": "^2.16.3",
  		"cheerio": "^1.2.0",
  		"embla-carousel-svelte": "^8.6.0",
  		"photoswipe": "^5.4.4",
  		"tailwind-merge": "^3.5.0",
  	}
  }

yarn manifest: 
  No manifest

Lockfile: 
  No lockfile
